{"C:\\Users\\akeem.amusat\\Desktop\\syncwallet\\routes\\AuthRouter.js":{"path":"C:\\Users\\akeem.amusat\\Desktop\\syncwallet\\routes\\AuthRouter.js","s":{"1":1,"2":1,"3":1,"4":1,"5":0,"6":1,"7":1,"8":0,"9":1,"10":1,"11":0,"12":1,"13":1,"14":1},"b":{},"f":{},"fnMap":{},"statementMap":{"1":{"start":{"line":1,"column":0},"end":{"line":1,"column":35}},"2":{"start":{"line":2,"column":0},"end":{"line":6,"column":45}},"3":{"start":{"line":8,"column":0},"end":{"line":8,"column":32}},"4":{"start":{"line":10,"column":0},"end":{"line":12,"column":3}},"5":{"start":{"line":11,"column":2},"end":{"line":11,"column":27}},"6":{"start":{"line":14,"column":0},"end":{"line":14,"column":36}},"7":{"start":{"line":16,"column":0},"end":{"line":20,"column":3}},"8":{"start":{"line":17,"column":2},"end":{"line":19,"column":5}},"9":{"start":{"line":22,"column":0},"end":{"line":22,"column":37}},"10":{"start":{"line":24,"column":0},"end":{"line":26,"column":3}},"11":{"start":{"line":25,"column":2},"end":{"line":25,"column":37}},"12":{"start":{"line":28,"column":0},"end":{"line":28,"column":34}},"13":{"start":{"line":30,"column":0},"end":{"line":30,"column":25}},"14":{"start":{"line":32,"column":0},"end":{"line":32,"column":27}}},"branchMap":{}},"C:\\Users\\akeem.amusat\\Desktop\\syncwallet\\middlewares\\generateTokens.js":{"path":"C:\\Users\\akeem.amusat\\Desktop\\syncwallet\\middlewares\\generateTokens.js","s":{"1":1,"2":1,"3":0,"4":1},"b":{},"f":{},"fnMap":{},"statementMap":{"1":{"start":{"line":1,"column":0},"end":{"line":1,"column":36}},"2":{"start":{"line":8,"column":0},"end":{"line":10,"column":3}},"3":{"start":{"line":8,"column":30},"end":{"line":10,"column":2}},"4":{"start":{"line":12,"column":0},"end":{"line":12,"column":31}}},"branchMap":{}}}